<?xml version="1.0" encoding="UTF-8"?>
<testsuite name="com.example.Account.service.AccountServiceTest" tests="4" skipped="0" failures="1" errors="0" timestamp="2024-06-22T13:21:52" hostname="ihuigyeongs-MacBook-Pro.local" time="0.115">
  <properties/>
  <testcase name="계좌 조회 실패 - 음수로 조회" classname="com.example.Account.service.AccountServiceTest" time="0.098"/>
  <testcase name="계좌 조회 성공" classname="com.example.Account.service.AccountServiceTest" time="0.013">
    <failure message="org.opentest4j.AssertionFailedError: expected: not equal but was: &lt;4555&gt;" type="org.opentest4j.AssertionFailedError">org.opentest4j.AssertionFailedError: expected: not equal but was: &lt;4555&gt;
	at app//org.junit.jupiter.api.AssertionFailureBuilder.build(AssertionFailureBuilder.java:152)
	at app//org.junit.jupiter.api.AssertionFailureBuilder.buildAndThrow(AssertionFailureBuilder.java:132)
	at app//org.junit.jupiter.api.AssertNotEquals.failEqual(AssertNotEquals.java:277)
	at app//org.junit.jupiter.api.AssertNotEquals.assertNotEquals(AssertNotEquals.java:263)
	at app//org.junit.jupiter.api.AssertNotEquals.assertNotEquals(AssertNotEquals.java:258)
	at app//org.junit.jupiter.api.Assertions.assertNotEquals(Assertions.java:2131)
	at app//com.example.Account.service.AccountServiceTest.testXXXX(AccountServiceTest.java:53)
	at java.base@21.0.2/java.lang.reflect.Method.invoke(Method.java:580)
	at java.base@21.0.2/java.util.ArrayList.forEach(ArrayList.java:1596)
	at java.base@21.0.2/java.util.ArrayList.forEach(ArrayList.java:1596)
</failure>
  </testcase>
  <testcase name="Test 이름 변경" classname="com.example.Account.service.AccountServiceTest" time="0.002"/>
  <testcase name="testGetAccount2()" classname="com.example.Account.service.AccountServiceTest" time="0.001"/>
  <system-out><![CDATA[]]></system-out>
  <system-err><![CDATA[]]></system-err>
</testsuite>
